<?xml version="1.0" encoding="UTF-8"?>
<testsuite name="StringReplacerTest" tests="1" skipped="0" failures="0" errors="0" timestamp="2020-06-15T21:32:54" hostname="LAPTOP-H9E30GP0" time="0.0">
  <properties/>
  <testcase name="stringReplacer" classname="StringReplacerTest" time="0.0"/>
  <system-out><![CDATA[]]></system-out>
  <system-err><![CDATA[]]></system-err>
</testsuite>
