<?xml version="1.0" encoding="UTF-8"?>
<testsuite name="HumanClientTest" tests="2" skipped="0" failures="0" errors="0" timestamp="2020-06-15T21:32:53" hostname="LAPTOP-H9E30GP0" time="0.673">
  <properties/>
  <testcase name="removeObserver" classname="HumanClientTest" time="0.659"/>
  <testcase name="addObserver" classname="HumanClientTest" time="0.013"/>
  <system-out><![CDATA[]]></system-out>
  <system-err><![CDATA[]]></system-err>
</testsuite>
