<?xml version="1.0" encoding="UTF-8"?>
<testsuite name="AlienClientTest" tests="3" skipped="0" failures="0" errors="0" timestamp="2020-06-15T21:32:53" hostname="LAPTOP-H9E30GP0" time="0.03">
  <properties/>
  <testcase name="ferengiStartClosed" classname="AlienClientTest" time="0.024"/>
  <testcase name="ferengiAlreadyOpened" classname="AlienClientTest" time="0.0"/>
  <testcase name="romulan" classname="AlienClientTest" time="0.005"/>
  <system-out><![CDATA[]]></system-out>
  <system-err><![CDATA[]]></system-err>
</testsuite>
