<?xml version="1.0" encoding="UTF-8"?>
<testsuite name="StringTransformerGroupTest" tests="2" skipped="0" failures="0" errors="0" timestamp="2020-06-15T21:32:53" hostname="LAPTOP-H9E30GP0" time="0.003">
  <properties/>
  <testcase name="transformerGroup" classname="StringTransformerGroupTest" time="0.002"/>
  <testcase name="transformerComposite" classname="StringTransformerGroupTest" time="0.001"/>
  <system-out><![CDATA[]]></system-out>
  <system-err><![CDATA[]]></system-err>
</testsuite>
