<?xml version="1.0" encoding="UTF-8"?>
<testsuite name="StringBarTest" tests="2" skipped="0" failures="0" errors="0" timestamp="2020-06-15T21:32:53" hostname="LAPTOP-H9E30GP0" time="0.0">
  <properties/>
  <testcase name="happyHour" classname="StringBarTest" time="0.0"/>
  <testcase name="orderStringRecipe" classname="StringBarTest" time="0.0"/>
  <system-out><![CDATA[]]></system-out>
  <system-err><![CDATA[]]></system-err>
</testsuite>
