<?xml version="1.0" encoding="UTF-8"?>
<testsuite name="com.aor.numbers.ListDeduplicatorTest" tests="2" skipped="0" failures="0" errors="0" timestamp="2020-03-30T12:47:59" hostname="joaocarlosmrp-Lenovo-ideapad-330-15ICH" time="0.389">
  <properties/>
  <testcase name="deduplicateBug" classname="com.aor.numbers.ListDeduplicatorTest" time="0.388"/>
  <testcase name="deduplicate" classname="com.aor.numbers.ListDeduplicatorTest" time="0.001"/>
  <system-out><![CDATA[]]></system-out>
  <system-err><![CDATA[]]></system-err>
</testsuite>
