<?xml version="1.0" encoding="UTF-8"?>
<testsuite name="Controller.GameControllerTest" tests="2" skipped="0" failures="0" errors="0" timestamp="2020-05-31T22:09:04" hostname="joaocarlosmrp-Lenovo-ideapad-330-15ICH" time="0.722">
  <properties/>
  <testcase name="initTests" classname="Controller.GameControllerTest" time="0.604"/>
  <testcase name="changeScreen" classname="Controller.GameControllerTest" time="0.118"/>
  <system-out><![CDATA[]]></system-out>
  <system-err><![CDATA[]]></system-err>
</testsuite>
