<?xml version="1.0" encoding="UTF-8"?>
<testsuite name="Controller.BombsObserverTest" tests="2" skipped="0" failures="0" errors="0" timestamp="2020-05-31T22:09:05" hostname="joaocarlosmrp-Lenovo-ideapad-330-15ICH" time="0.002">
  <properties/>
  <testcase name="UnitTestBombsObserver" classname="Controller.BombsObserverTest" time="0.001"/>
  <testcase name="PublishAndUpdate" classname="Controller.BombsObserverTest" time="0.001"/>
  <system-out><![CDATA[]]></system-out>
  <system-err><![CDATA[]]></system-err>
</testsuite>
