<?xml version="1.0" encoding="UTF-8"?>
<testsuite name="Controller.MenuEngineTest" tests="1" skipped="0" failures="0" errors="0" timestamp="2020-05-31T22:09:05" hostname="joaocarlosmrp-Lenovo-ideapad-330-15ICH" time="0.004">
  <properties/>
  <testcase name="processInput" classname="Controller.MenuEngineTest" time="0.004"/>
  <system-out><![CDATA[]]></system-out>
  <system-err><![CDATA[]]></system-err>
</testsuite>
