<?xml version="1.0" encoding="UTF-8"?>
<testsuite name="Model.PlayerSpecificTest" tests="4" skipped="0" failures="0" errors="0" timestamp="2020-05-31T22:09:05" hostname="joaocarlosmrp-Lenovo-ideapad-330-15ICH" time="0.002">
  <properties/>
  <testcase name="dropBomb" classname="Model.PlayerSpecificTest" time="0.001"/>
  <testcase name="playerColor" classname="Model.PlayerSpecificTest" time="0.0"/>
  <testcase name="playerPosition" classname="Model.PlayerSpecificTest" time="0.0"/>
  <testcase name="playerLifeStatus" classname="Model.PlayerSpecificTest" time="0.0"/>
  <system-out><![CDATA[]]></system-out>
  <system-err><![CDATA[]]></system-err>
</testsuite>
